
> connect-platform@1.0.0 type-check
> tsc --noEmit

lib/matching/taxonomy.ts(354,50): error TS7006: Parameter 'k' implicitly has an 'any' type.
lib/matching/taxonomy.ts(355,28): error TS7006: Parameter 'k' implicitly has an 'any' type.
lib/matching/taxonomy.ts(374,50): error TS7006: Parameter 'k' implicitly has an 'any' type.
lib/matching/taxonomy.ts(375,28): error TS7006: Parameter 'k' implicitly has an 'any' type.
scripts/debug-selectors.ts(22,18): error TS7053: Element implicitly has an 'any' type because expression of type 'string' can't be used to index type '{ iitp: AgencyConfig; keit: AgencyConfig; tipa: AgencyConfig; kimst: AgencyConfig; }'.
  No index signature with a parameter of type 'string' was found on type '{ iitp: AgencyConfig; keit: AgencyConfig; tipa: AgencyConfig; kimst: AgencyConfig; }'.
scripts/load-test-ai-features.ts(228,17): error TS7022: 'response' implicitly has type 'any' because it does not have a type annotation and is referenced directly or indirectly in its own initializer.
scripts/load-test-ai-features.ts(241,17): error TS7022: 'data' implicitly has type 'any' because it does not have a type annotation and is referenced directly or indirectly in its own initializer.
scripts/test-email-delivery.ts(77,9): error TS2554: Expected 2 arguments, but got 5.
scripts/test-email-delivery.ts(100,13): error TS2554: Expected 3 arguments, but got 2.
scripts/test-email-delivery.ts(129,17): error TS2353: Object literal may only specify known properties, and 'totalScore' does not exist in type 'Without<funding_matchesCreateInput, funding_matchesUncheckedCreateInput> & funding_matchesUncheckedCreateInput'.
scripts/test-temperature-optimization.ts(171,5): error TS2322: Type '{ role: string; content: string; }[]' is not assignable to type '{ role: "user" | "assistant"; content: string; }[]'.
  Type '{ role: string; content: string; }' is not assignable to type '{ role: "user" | "assistant"; content: string; }'.
    Types of property 'role' are incompatible.
      Type 'string' is not assignable to type '"user" | "assistant"'.
scripts/trigger-scraping.ts(28,20): error TS7053: Element implicitly has an 'any' type because expression of type 'string' can't be used to index type '{ iitp: AgencyConfig; keit: AgencyConfig; tipa: AgencyConfig; kimst: AgencyConfig; }'.
  No index signature with a parameter of type 'string' was found on type '{ iitp: AgencyConfig; keit: AgencyConfig; tipa: AgencyConfig; kimst: AgencyConfig; }'.
scripts/validate-korean-quality.ts(430,7): error TS2322: Type '{ role: string; content: string; }[]' is not assignable to type '{ role: "user" | "assistant"; content: string; }[]'.
  Type '{ role: string; content: string; }' is not assignable to type '{ role: "user" | "assistant"; content: string; }'.
    Types of property 'role' are incompatible.
      Type 'string' is not assignable to type '"user" | "assistant"'.
